# JRE version: Java(TM) SE Runtime Environment (8.0_171-b11) (build 1.8.0_171-b11)
# Java VM: Java HotSpot(TM) 64-Bit Server VM (25.171-b11 mixed mode linux-amd64 compressed oops)
Heap:
 PSYoungGen      total 1110528K, used 2509K [0x000000076ab00000, 0x00000007af100000, 0x00000007c0000000)
  eden space 1106432K, 0% used [0x000000076ab00000,0x000000076ab00000,0x00000007ae380000)
  from space 4096K, 61% used [0x00000007ae900000,0x00000007aeb737c8,0x00000007aed00000)
  to   space 2048K, 0% used [0x00000007aef00000,0x00000007aef00000,0x00000007af100000)
 ParOldGen       total 1264128K, used 1132741K [0x00000006c0000000, 0x000000070d280000, 0x000000076ab00000)
  object space 1264128K, 89% used [0x00000006c0000000,0x00000007052314f0,0x000000070d280000)
 Metaspace       used 13581K, capacity 14106K, committed 14464K, reserved 1062912K
  class space    used 1404K, capacity 1545K, committed 1664K, reserved 1048576K
GC Heap History (10 events):
Event: 77.265 GC heap after
Heap after GC invocations=133 (full 9):
 PSYoungGen      total 1057792K, used 2731K [0x000000076ab00000, 0x00000007abb80000, 0x00000007c0000000)
  eden space 1054720K, 0% used [0x000000076ab00000,0x000000076ab00000,0x00000007ab100000)
  from space 3072K, 88% used [0x00000007ab880000,0x00000007abb2ad90,0x00000007abb80000)
  to   space 5120K, 0% used [0x00000007ab180000,0x00000007ab180000,0x00000007ab680000)
 ParOldGen       total 1264128K, used 1132669K [0x00000006c0000000, 0x000000070d280000, 0x000000076ab00000)
  object space 1264128K, 89% used [0x00000006c0000000,0x000000070521f4f0,0x000000070d280000)
 Metaspace       used 13578K, capacity 14106K, committed 14464K, reserved 1062912K
  class space    used 1404K, capacity 1545K, committed 1664K, reserved 1048576K
}
Event: 77.822 GC heap before
{Heap before GC invocations=134 (full 9):
 PSYoungGen      total 1057792K, used 1057451K [0x000000076ab00000, 0x00000007abb80000, 0x00000007c0000000)
  eden space 1054720K, 100% used [0x000000076ab00000,0x00000007ab100000,0x00000007ab100000)
  from space 3072K, 88% used [0x00000007ab880000,0x00000007abb2ad90,0x00000007abb80000)
  to   space 5120K, 0% used [0x00000007ab180000,0x00000007ab180000,0x00000007ab680000)
 ParOldGen       total 1264128K, used 1132669K [0x00000006c0000000, 0x000000070d280000, 0x000000076ab00000)
  object space 1264128K, 89% used [0x00000006c0000000,0x000000070521f4f0,0x000000070d280000)
 Metaspace       used 13578K, capacity 14106K, committed 14464K, reserved 1062912K
  class space    used 1404K, capacity 1545K, committed 1664K, reserved 1048576K
Event: 77.871 GC heap after
Heap after GC invocations=134 (full 9):
 PSYoungGen      total 1060352K, used 1931K [0x000000076ab00000, 0x00000007ad200000, 0x00000007c0000000)
  eden space 1055232K, 0% used [0x000000076ab00000,0x000000076ab00000,0x00000007ab180000)
  from space 5120K, 37% used [0x00000007ab180000,0x00000007ab362d80,0x00000007ab680000)
  to   space 5120K, 0% used [0x00000007acd00000,0x00000007acd00000,0x00000007ad200000)
 ParOldGen       total 1264128K, used 1132677K [0x00000006c0000000, 0x000000070d280000, 0x000000076ab00000)
  object space 1264128K, 89% used [0x00000006c0000000,0x00000007052214f0,0x000000070d280000)
 Metaspace       used 13578K, capacity 14106K, committed 14464K, reserved 1062912K
  class space    used 1404K, capacity 1545K, committed 1664K, reserved 1048576K
}
Event: 78.229 GC heap before
{Heap before GC invocations=135 (full 9):
 PSYoungGen      total 1060352K, used 1057163K [0x000000076ab00000, 0x00000007ad200000, 0x00000007c0000000)
  eden space 1055232K, 100% used [0x000000076ab00000,0x00000007ab180000,0x00000007ab180000)
  from space 5120K, 37% used [0x00000007ab180000,0x00000007ab362d80,0x00000007ab680000)
  to   space 5120K, 0% used [0x00000007acd00000,0x00000007acd00000,0x00000007ad200000)
 ParOldGen       total 1264128K, used 1132677K [0x00000006c0000000, 0x000000070d280000, 0x000000076ab00000)
  object space 1264128K, 89% used [0x00000006c0000000,0x00000007052214f0,0x000000070d280000)
 Metaspace       used 13578K, capacity 14106K, committed 14464K, reserved 1062912K
  class space    used 1404K, capacity 1545K, committed 1664K, reserved 1048576K
Event: 78.270 GC heap after
Heap after GC invocations=135 (full 9):
 PSYoungGen      total 1083904K, used 1632K [0x000000076ab00000, 0x00000007ad380000, 0x00000007c0000000)
  eden space 1078784K, 0% used [0x000000076ab00000,0x000000076ab00000,0x00000007ac880000)
  from space 5120K, 31% used [0x00000007acd00000,0x00000007ace98000,0x00000007ad200000)
  to   space 4608K, 0% used [0x00000007ac880000,0x00000007ac880000,0x00000007acd00000)
 ParOldGen       total 1264128K, used 1132701K [0x00000006c0000000, 0x000000070d280000, 0x000000076ab00000)
  object space 1264128K, 89% used [0x00000006c0000000,0x00000007052274f0,0x000000070d280000)
 Metaspace       used 13578K, capacity 14106K, committed 14464K, reserved 1062912K
  class space    used 1404K, capacity 1545K, committed 1664K, reserved 1048576K
}
Event: 80.841 GC heap before
{Heap before GC invocations=136 (full 9):
 PSYoungGen      total 1083904K, used 1080416K [0x000000076ab00000, 0x00000007ad380000, 0x00000007c0000000)
  eden space 1078784K, 100% used [0x000000076ab00000,0x00000007ac880000,0x00000007ac880000)
  from space 5120K, 31% used [0x00000007acd00000,0x00000007ace98000,0x00000007ad200000)
  to   space 4608K, 0% used [0x00000007ac880000,0x00000007ac880000,0x00000007acd00000)
 ParOldGen       total 1264128K, used 1132701K [0x00000006c0000000, 0x000000070d280000, 0x000000076ab00000)
  object space 1264128K, 89% used [0x00000006c0000000,0x00000007052274f0,0x000000070d280000)
 Metaspace       used 13580K, capacity 14106K, committed 14464K, reserved 1062912K
  class space    used 1404K, capacity 1545K, committed 1664K, reserved 1048576K
Event: 81.478 GC heap after
Heap after GC invocations=136 (full 9):
 PSYoungGen      total 1083392K, used 1248K [0x000000076ab00000, 0x00000007af380000, 0x00000007c0000000)
  eden space 1078784K, 0% used [0x000000076ab00000,0x000000076ab00000,0x00000007ac880000)
  from space 4608K, 27% used [0x00000007ac880000,0x00000007ac9b8000,0x00000007acd00000)
  to   space 4608K, 0% used [0x00000007aef00000,0x00000007aef00000,0x00000007af380000)
 ParOldGen       total 1264128K, used 1132725K [0x00000006c0000000, 0x000000070d280000, 0x000000076ab00000)
  object space 1264128K, 89% used [0x00000006c0000000,0x000000070522d4f0,0x000000070d280000)
 Metaspace       used 13580K, capacity 14106K, committed 14464K, reserved 1062912K
  class space    used 1404K, capacity 1545K, committed 1664K, reserved 1048576K
}
Event: 89.954 GC heap before
{Heap before GC invocations=137 (full 9):
 PSYoungGen      total 1083392K, used 1080032K [0x000000076ab00000, 0x00000007af380000, 0x00000007c0000000)
  eden space 1078784K, 100% used [0x000000076ab00000,0x00000007ac880000,0x00000007ac880000)
  from space 4608K, 27% used [0x00000007ac880000,0x00000007ac9b8000,0x00000007acd00000)
  to   space 4608K, 0% used [0x00000007aef00000,0x00000007aef00000,0x00000007af380000)
 ParOldGen       total 1264128K, used 1132725K [0x00000006c0000000, 0x000000070d280000, 0x000000076ab00000)
  object space 1264128K, 89% used [0x00000006c0000000,0x000000070522d4f0,0x000000070d280000)
 Metaspace       used 13580K, capacity 14106K, committed 14464K, reserved 1062912K
  class space    used 1404K, capacity 1545K, committed 1664K, reserved 1048576K
Event: 90.008 GC heap after
Heap after GC invocations=137 (full 9):
 PSYoungGen      total 1108480K, used 1808K [0x000000076ab00000, 0x00000007af100000, 0x00000007c0000000)
  eden space 1106432K, 0% used [0x000000076ab00000,0x000000076ab00000,0x00000007ae380000)
  from space 2048K, 88% used [0x00000007aef00000,0x00000007af0c4020,0x00000007af100000)
  to   space 4096K, 0% used [0x00000007ae900000,0x00000007ae900000,0x00000007aed00000)
 ParOldGen       total 1264128K, used 1132733K [0x00000006c0000000, 0x000000070d280000, 0x000000076ab00000)
  object space 1264128K, 89% used [0x00000006c0000000,0x000000070522f4f0,0x000000070d280000)
 Metaspace       used 13580K, capacity 14106K, committed 14464K, reserved 1062912K
  class space    used 1404K, capacity 1545K, committed 1664K, reserved 1048576K
}
Event: 92.077 GC heap before
{Heap before GC invocations=138 (full 9):
 PSYoungGen      total 1108480K, used 1108240K [0x000000076ab00000, 0x00000007af100000, 0x00000007c0000000)
  eden space 1106432K, 100% used [0x000000076ab00000,0x00000007ae380000,0x00000007ae380000)
  from space 2048K, 88% used [0x00000007aef00000,0x00000007af0c4020,0x00000007af100000)
  to   space 4096K, 0% used [0x00000007ae900000,0x00000007ae900000,0x00000007aed00000)
 ParOldGen       total 1264128K, used 1132733K [0x00000006c0000000, 0x000000070d280000, 0x000000076ab00000)
  object space 1264128K, 89% used [0x00000006c0000000,0x000000070522f4f0,0x000000070d280000)
 Metaspace       used 13581K, capacity 14106K, committed 14464K, reserved 1062912K
  class space    used 1404K, capacity 1545K, committed 1664K, reserved 1048576K

